1743793164.434269 client started (45909): version 3.3a, socket /tmp/tmux-1000/default, protocol 8
1743793164.434298 on Linux 6.1.0-32-amd64 #1 SMP PREEMPT_DYNAMIC Debian 6.1.129-1 (2025-03-06)
1743793164.434304 using libevent 2.1.12-stable (poll); ncurses 6.3
1743793164.434323 flags are 0x18010000
1743793164.434327 socket is /tmp/tmux-1000/default
1743793164.434341 trying connect
1743793164.434358 connect failed: No such file or directory
1743793164.434369 lock file is /tmp/tmux-1000/default.lock
1743793164.434389 flock succeeded
1743793164.434393 got lock (6)
1743793164.434398 trying connect
1743793164.434405 connect failed: No such file or directory
1743793164.434658 add peer 0x55c12cf9bf60: 7 ((nil))
1743793164.435079 sending message 100 to peer 0x55c12cf9bf60 (4 bytes)
1743793164.435088 sending message 111 to peer 0x55c12cf9bf60 (8 bytes)
1743793164.435093 sending message 101 to peer 0x55c12cf9bf60 (15 bytes)
1743793164.435097 sending message 109 to peer 0x55c12cf9bf60 (4 bytes)
1743793164.435101 sending message 102 to peer 0x55c12cf9bf60 (11 bytes)
1743793164.435105 sending message 108 to peer 0x55c12cf9bf60 (29 bytes)
1743793164.435109 sending message 112 to peer 0x55c12cf9bf60 (58 bytes)
1743793164.435113 sending message 112 to peer 0x55c12cf9bf60 (5 bytes)
1743793164.435117 sending message 112 to peer 0x55c12cf9bf60 (5 bytes)
1743793164.435121 sending message 112 to peer 0x55c12cf9bf60 (6 bytes)
1743793164.435125 sending message 112 to peer 0x55c12cf9bf60 (6 bytes)
1743793164.435129 sending message 112 to peer 0x55c12cf9bf60 (11 bytes)
1743793164.435133 sending message 112 to peer 0x55c12cf9bf60 (10 bytes)
1743793164.435137 sending message 112 to peer 0x55c12cf9bf60 (13 bytes)
1743793164.435141 sending message 112 to peer 0x55c12cf9bf60 (14 bytes)
1743793164.435144 sending message 112 to peer 0x55c12cf9bf60 (19 bytes)
1743793164.435148 sending message 112 to peer 0x55c12cf9bf60 (11 bytes)
1743793164.435151 sending message 112 to peer 0x55c12cf9bf60 (10 bytes)
1743793164.435155 sending message 112 to peer 0x55c12cf9bf60 (15 bytes)
1743793164.435159 sending message 112 to peer 0x55c12cf9bf60 (21 bytes)
1743793164.435163 sending message 112 to peer 0x55c12cf9bf60 (13 bytes)
1743793164.435166 sending message 112 to peer 0x55c12cf9bf60 (7 bytes)
1743793164.435170 sending message 112 to peer 0x55c12cf9bf60 (13 bytes)
1743793164.435174 sending message 112 to peer 0x55c12cf9bf60 (7 bytes)
1743793164.435178 sending message 112 to peer 0x55c12cf9bf60 (13 bytes)
1743793164.435181 sending message 112 to peer 0x55c12cf9bf60 (9 bytes)
1743793164.435185 sending message 112 to peer 0x55c12cf9bf60 (21 bytes)
1743793164.435189 sending message 112 to peer 0x55c12cf9bf60 (13 bytes)
1743793164.435192 sending message 112 to peer 0x55c12cf9bf60 (9 bytes)
1743793164.435196 sending message 112 to peer 0x55c12cf9bf60 (16 bytes)
1743793164.435201 sending message 112 to peer 0x55c12cf9bf60 (13 bytes)
1743793164.435204 sending message 112 to peer 0x55c12cf9bf60 (9 bytes)
1743793164.435208 sending message 112 to peer 0x55c12cf9bf60 (9 bytes)
1743793164.435212 sending message 112 to peer 0x55c12cf9bf60 (12 bytes)
1743793164.435215 sending message 112 to peer 0x55c12cf9bf60 (8 bytes)
1743793164.435219 sending message 112 to peer 0x55c12cf9bf60 (8 bytes)
1743793164.435223 sending message 112 to peer 0x55c12cf9bf60 (13 bytes)
1743793164.435226 sending message 112 to peer 0x55c12cf9bf60 (7 bytes)
1743793164.435230 sending message 112 to peer 0x55c12cf9bf60 (7 bytes)
1743793164.435233 sending message 112 to peer 0x55c12cf9bf60 (9 bytes)
1743793164.435237 sending message 112 to peer 0x55c12cf9bf60 (9 bytes)
1743793164.435240 sending message 112 to peer 0x55c12cf9bf60 (15 bytes)
1743793164.435244 sending message 112 to peer 0x55c12cf9bf60 (13 bytes)
1743793164.435247 sending message 112 to peer 0x55c12cf9bf60 (12 bytes)
1743793164.435251 sending message 112 to peer 0x55c12cf9bf60 (8 bytes)
1743793164.435255 sending message 112 to peer 0x55c12cf9bf60 (14 bytes)
1743793164.435258 sending message 112 to peer 0x55c12cf9bf60 (11 bytes)
1743793164.435262 sending message 112 to peer 0x55c12cf9bf60 (9 bytes)
1743793164.435274 sending message 112 to peer 0x55c12cf9bf60 (10 bytes)
1743793164.435278 sending message 112 to peer 0x55c12cf9bf60 (10 bytes)
1743793164.435282 sending message 112 to peer 0x55c12cf9bf60 (10 bytes)
1743793164.435285 sending message 112 to peer 0x55c12cf9bf60 (10 bytes)
1743793164.435289 sending message 112 to peer 0x55c12cf9bf60 (11 bytes)
1743793164.435292 sending message 112 to peer 0x55c12cf9bf60 (12 bytes)
1743793164.435296 sending message 112 to peer 0x55c12cf9bf60 (12 bytes)
1743793164.435301 sending message 112 to peer 0x55c12cf9bf60 (12 bytes)
1743793164.435305 sending message 112 to peer 0x55c12cf9bf60 (12 bytes)
1743793164.435309 sending message 112 to peer 0x55c12cf9bf60 (12 bytes)
1743793164.435312 sending message 112 to peer 0x55c12cf9bf60 (11 bytes)
1743793164.435316 sending message 112 to peer 0x55c12cf9bf60 (11 bytes)
1743793164.435320 sending message 112 to peer 0x55c12cf9bf60 (12 bytes)
1743793164.435324 sending message 112 to peer 0x55c12cf9bf60 (12 bytes)
1743793164.435328 sending message 112 to peer 0x55c12cf9bf60 (12 bytes)
1743793164.435331 sending message 112 to peer 0x55c12cf9bf60 (12 bytes)
1743793164.435335 sending message 112 to peer 0x55c12cf9bf60 (12 bytes)
1743793164.435339 sending message 112 to peer 0x55c12cf9bf60 (9 bytes)
1743793164.435343 sending message 112 to peer 0x55c12cf9bf60 (12 bytes)
1743793164.435347 sending message 112 to peer 0x55c12cf9bf60 (13 bytes)
1743793164.435351 sending message 112 to peer 0x55c12cf9bf60 (13 bytes)
1743793164.435355 sending message 112 to peer 0x55c12cf9bf60 (13 bytes)
1743793164.435359 sending message 112 to peer 0x55c12cf9bf60 (13 bytes)
1743793164.435363 sending message 112 to peer 0x55c12cf9bf60 (13 bytes)
1743793164.435367 sending message 112 to peer 0x55c12cf9bf60 (8 bytes)
1743793164.435370 sending message 112 to peer 0x55c12cf9bf60 (11 bytes)
1743793164.435374 sending message 112 to peer 0x55c12cf9bf60 (11 bytes)
1743793164.435378 sending message 112 to peer 0x55c12cf9bf60 (11 bytes)
1743793164.435382 sending message 112 to peer 0x55c12cf9bf60 (12 bytes)
1743793164.435386 sending message 112 to peer 0x55c12cf9bf60 (12 bytes)
1743793164.435389 sending message 112 to peer 0x55c12cf9bf60 (12 bytes)
1743793164.435393 sending message 112 to peer 0x55c12cf9bf60 (12 bytes)
1743793164.435397 sending message 112 to peer 0x55c12cf9bf60 (13 bytes)
1743793164.435401 sending message 112 to peer 0x55c12cf9bf60 (13 bytes)
1743793164.435406 sending message 112 to peer 0x55c12cf9bf60 (13 bytes)
1743793164.435409 sending message 112 to peer 0x55c12cf9bf60 (8 bytes)
1743793164.435414 sending message 112 to peer 0x55c12cf9bf60 (13 bytes)
1743793164.435417 sending message 112 to peer 0x55c12cf9bf60 (13 bytes)
1743793164.435421 sending message 112 to peer 0x55c12cf9bf60 (13 bytes)
1743793164.435425 sending message 112 to peer 0x55c12cf9bf60 (13 bytes)
1743793164.435428 sending message 112 to peer 0x55c12cf9bf60 (13 bytes)
1743793164.435432 sending message 112 to peer 0x55c12cf9bf60 (12 bytes)
1743793164.435436 sending message 112 to peer 0x55c12cf9bf60 (12 bytes)
1743793164.435439 sending message 112 to peer 0x55c12cf9bf60 (12 bytes)
1743793164.435443 sending message 112 to peer 0x55c12cf9bf60 (12 bytes)
1743793164.435447 sending message 112 to peer 0x55c12cf9bf60 (13 bytes)
1743793164.435451 sending message 112 to peer 0x55c12cf9bf60 (8 bytes)
1743793164.435455 sending message 112 to peer 0x55c12cf9bf60 (13 bytes)
1743793164.435459 sending message 112 to peer 0x55c12cf9bf60 (13 bytes)
1743793164.435463 sending message 112 to peer 0x55c12cf9bf60 (13 bytes)
1743793164.435466 sending message 112 to peer 0x55c12cf9bf60 (13 bytes)
1743793164.435470 sending message 112 to peer 0x55c12cf9bf60 (13 bytes)
1743793164.435473 sending message 112 to peer 0x55c12cf9bf60 (13 bytes)
1743793164.435477 sending message 112 to peer 0x55c12cf9bf60 (13 bytes)
1743793164.435481 sending message 112 to peer 0x55c12cf9bf60 (12 bytes)
1743793164.435485 sending message 112 to peer 0x55c12cf9bf60 (12 bytes)
1743793164.435488 sending message 112 to peer 0x55c12cf9bf60 (12 bytes)
1743793164.435496 sending message 112 to peer 0x55c12cf9bf60 (8 bytes)
1743793164.435500 sending message 112 to peer 0x55c12cf9bf60 (12 bytes)
1743793164.435503 sending message 112 to peer 0x55c12cf9bf60 (13 bytes)
1743793164.435507 sending message 112 to peer 0x55c12cf9bf60 (13 bytes)
1743793164.435511 sending message 112 to peer 0x55c12cf9bf60 (13 bytes)
1743793164.435515 sending message 112 to peer 0x55c12cf9bf60 (13 bytes)
1743793164.435518 sending message 112 to peer 0x55c12cf9bf60 (13 bytes)
1743793164.435522 sending message 112 to peer 0x55c12cf9bf60 (13 bytes)
1743793164.435526 sending message 112 to peer 0x55c12cf9bf60 (13 bytes)
1743793164.435530 sending message 112 to peer 0x55c12cf9bf60 (13 bytes)
1743793164.435533 sending message 112 to peer 0x55c12cf9bf60 (12 bytes)
1743793164.435537 sending message 112 to peer 0x55c12cf9bf60 (10 bytes)
1743793164.435541 sending message 112 to peer 0x55c12cf9bf60 (12 bytes)
1743793164.435544 sending message 112 to peer 0x55c12cf9bf60 (12 bytes)
1743793164.435548 sending message 112 to peer 0x55c12cf9bf60 (12 bytes)
1743793164.435552 sending message 112 to peer 0x55c12cf9bf60 (13 bytes)
1743793164.435556 sending message 112 to peer 0x55c12cf9bf60 (13 bytes)
1743793164.435560 sending message 112 to peer 0x55c12cf9bf60 (13 bytes)
1743793164.435563 sending message 112 to peer 0x55c12cf9bf60 (13 bytes)
1743793164.435567 sending message 112 to peer 0x55c12cf9bf60 (13 bytes)
1743793164.435571 sending message 112 to peer 0x55c12cf9bf60 (13 bytes)
1743793164.435575 sending message 112 to peer 0x55c12cf9bf60 (13 bytes)
1743793164.435579 sending message 112 to peer 0x55c12cf9bf60 (10 bytes)
1743793164.435582 sending message 112 to peer 0x55c12cf9bf60 (13 bytes)
1743793164.435586 sending message 112 to peer 0x55c12cf9bf60 (12 bytes)
1743793164.435611 sending message 112 to peer 0x55c12cf9bf60 (12 bytes)
1743793164.435619 sending message 112 to peer 0x55c12cf9bf60 (12 bytes)
1743793164.435624 sending message 112 to peer 0x55c12cf9bf60 (10 bytes)
1743793164.435630 sending message 112 to peer 0x55c12cf9bf60 (10 bytes)
1743793164.435637 sending message 112 to peer 0x55c12cf9bf60 (10 bytes)
1743793164.435641 sending message 112 to peer 0x55c12cf9bf60 (12 bytes)
1743793164.435644 sending message 112 to peer 0x55c12cf9bf60 (13 bytes)
1743793164.435648 sending message 112 to peer 0x55c12cf9bf60 (13 bytes)
1743793164.435651 sending message 112 to peer 0x55c12cf9bf60 (13 bytes)
1743793164.435655 sending message 112 to peer 0x55c12cf9bf60 (13 bytes)
1743793164.435659 sending message 112 to peer 0x55c12cf9bf60 (13 bytes)
1743793164.435663 sending message 112 to peer 0x55c12cf9bf60 (10 bytes)
1743793164.435667 sending message 112 to peer 0x55c12cf9bf60 (11 bytes)
1743793164.435671 sending message 112 to peer 0x55c12cf9bf60 (12 bytes)
1743793164.435674 sending message 112 to peer 0x55c12cf9bf60 (12 bytes)
1743793164.435678 sending message 112 to peer 0x55c12cf9bf60 (12 bytes)
1743793164.435682 sending message 112 to peer 0x55c12cf9bf60 (12 bytes)
1743793164.435685 sending message 112 to peer 0x55c12cf9bf60 (12 bytes)
1743793164.435689 sending message 112 to peer 0x55c12cf9bf60 (11 bytes)
1743793164.435693 sending message 112 to peer 0x55c12cf9bf60 (12 bytes)
1743793164.435696 sending message 112 to peer 0x55c12cf9bf60 (12 bytes)
1743793164.435700 sending message 112 to peer 0x55c12cf9bf60 (13 bytes)
1743793164.435703 sending message 112 to peer 0x55c12cf9bf60 (13 bytes)
1743793164.435707 sending message 112 to peer 0x55c12cf9bf60 (13 bytes)
1743793164.435711 sending message 112 to peer 0x55c12cf9bf60 (13 bytes)
1743793164.435715 sending message 112 to peer 0x55c12cf9bf60 (13 bytes)
1743793164.435719 sending message 112 to peer 0x55c12cf9bf60 (10 bytes)
1743793164.435726 sending message 112 to peer 0x55c12cf9bf60 (9 bytes)
1743793164.435729 sending message 112 to peer 0x55c12cf9bf60 (12 bytes)
1743793164.435733 sending message 112 to peer 0x55c12cf9bf60 (13 bytes)
1743793164.435736 sending message 112 to peer 0x55c12cf9bf60 (13 bytes)
1743793164.435740 sending message 112 to peer 0x55c12cf9bf60 (13 bytes)
1743793164.435747 sending message 112 to peer 0x55c12cf9bf60 (13 bytes)
1743793164.435750 sending message 112 to peer 0x55c12cf9bf60 (13 bytes)
1743793164.435754 sending message 112 to peer 0x55c12cf9bf60 (9 bytes)
1743793164.435757 sending message 112 to peer 0x55c12cf9bf60 (12 bytes)
1743793164.435761 sending message 112 to peer 0x55c12cf9bf60 (13 bytes)
1743793164.435764 sending message 112 to peer 0x55c12cf9bf60 (13 bytes)
1743793164.435768 sending message 112 to peer 0x55c12cf9bf60 (13 bytes)
1743793164.435771 sending message 112 to peer 0x55c12cf9bf60 (13 bytes)
1743793164.435775 sending message 112 to peer 0x55c12cf9bf60 (13 bytes)
1743793164.435778 sending message 112 to peer 0x55c12cf9bf60 (11 bytes)
1743793164.435782 sending message 112 to peer 0x55c12cf9bf60 (12 bytes)
1743793164.435785 sending message 112 to peer 0x55c12cf9bf60 (13 bytes)
1743793164.435789 sending message 112 to peer 0x55c12cf9bf60 (13 bytes)
1743793164.435792 sending message 112 to peer 0x55c12cf9bf60 (13 bytes)
1743793164.435796 sending message 112 to peer 0x55c12cf9bf60 (13 bytes)
1743793164.435799 sending message 112 to peer 0x55c12cf9bf60 (13 bytes)
1743793164.435802 sending message 112 to peer 0x55c12cf9bf60 (11 bytes)
1743793164.435806 sending message 112 to peer 0x55c12cf9bf60 (12 bytes)
1743793164.435809 sending message 112 to peer 0x55c12cf9bf60 (12 bytes)
1743793164.435813 sending message 112 to peer 0x55c12cf9bf60 (12 bytes)
1743793164.435816 sending message 112 to peer 0x55c12cf9bf60 (12 bytes)
1743793164.435820 sending message 112 to peer 0x55c12cf9bf60 (12 bytes)
1743793164.435824 sending message 112 to peer 0x55c12cf9bf60 (21 bytes)
1743793164.435827 sending message 112 to peer 0x55c12cf9bf60 (12 bytes)
1743793164.435832 sending message 112 to peer 0x55c12cf9bf60 (9 bytes)
1743793164.435835 sending message 112 to peer 0x55c12cf9bf60 (6 bytes)
1743793164.435839 sending message 112 to peer 0x55c12cf9bf60 (13 bytes)
1743793164.435843 sending message 112 to peer 0x55c12cf9bf60 (10 bytes)
1743793164.435846 sending message 112 to peer 0x55c12cf9bf60 (24 bytes)
1743793164.435850 sending message 112 to peer 0x55c12cf9bf60 (13 bytes)
1743793164.435855 sending message 112 to peer 0x55c12cf9bf60 (9 bytes)
1743793164.435859 sending message 112 to peer 0x55c12cf9bf60 (70 bytes)
1743793164.435862 sending message 112 to peer 0x55c12cf9bf60 (69 bytes)
1743793164.435866 sending message 112 to peer 0x55c12cf9bf60 (12 bytes)
1743793164.435869 sending message 112 to peer 0x55c12cf9bf60 (10 bytes)
1743793164.435873 sending message 112 to peer 0x55c12cf9bf60 (10 bytes)
1743793164.435876 sending message 112 to peer 0x55c12cf9bf60 (24 bytes)
1743793164.435879 sending message 112 to peer 0x55c12cf9bf60 (13 bytes)
1743793164.435882 sending message 112 to peer 0x55c12cf9bf60 (10 bytes)
1743793164.435886 sending message 112 to peer 0x55c12cf9bf60 (10 bytes)
1743793164.435889 sending message 112 to peer 0x55c12cf9bf60 (10 bytes)
1743793164.435892 sending message 112 to peer 0x55c12cf9bf60 (13 bytes)
1743793164.435896 sending message 112 to peer 0x55c12cf9bf60 (15 bytes)
1743793164.435899 sending message 112 to peer 0x55c12cf9bf60 (5 bytes)
1743793164.435903 sending message 104 to peer 0x55c12cf9bf60 (0 bytes)
1743793164.435907 sending message 110 to peer 0x55c12cf9bf60 (0 bytes)
1743793164.435915 sending message 107 to peer 0x55c12cf9bf60 (4 bytes)
1743793164.435919 sending message 105 to peer 0x55c12cf9bf60 (16 bytes)
1743793164.435923 sending message 105 to peer 0x55c12cf9bf60 (82 bytes)
1743793164.435926 sending message 105 to peer 0x55c12cf9bf60 (19 bytes)
1743793164.435930 sending message 105 to peer 0x55c12cf9bf60 (20 bytes)
1743793164.435933 sending message 105 to peer 0x55c12cf9bf60 (27 bytes)
1743793164.435937 sending message 105 to peer 0x55c12cf9bf60 (23 bytes)
1743793164.435940 sending message 105 to peer 0x55c12cf9bf60 (44 bytes)
1743793164.435944 sending message 105 to peer 0x55c12cf9bf60 (41 bytes)
1743793164.435947 sending message 105 to peer 0x55c12cf9bf60 (20 bytes)
1743793164.435950 sending message 105 to peer 0x55c12cf9bf60 (22 bytes)
1743793164.435957 sending message 105 to peer 0x55c12cf9bf60 (28 bytes)
1743793164.435960 sending message 105 to peer 0x55c12cf9bf60 (33 bytes)
1743793164.435963 sending message 105 to peer 0x55c12cf9bf60 (14 bytes)
1743793164.435967 sending message 105 to peer 0x55c12cf9bf60 (26 bytes)
1743793164.435970 sending message 105 to peer 0x55c12cf9bf60 (25 bytes)
1743793164.435975 sending message 105 to peer 0x55c12cf9bf60 (22 bytes)
1743793164.435979 sending message 105 to peer 0x55c12cf9bf60 (54 bytes)
1743793164.435982 sending message 105 to peer 0x55c12cf9bf60 (21 bytes)
1743793164.435985 sending message 105 to peer 0x55c12cf9bf60 (17 bytes)
1743793164.435990 sending message 105 to peer 0x55c12cf9bf60 (15 bytes)
1743793164.435994 sending message 105 to peer 0x55c12cf9bf60 (18 bytes)
1743793164.435997 sending message 105 to peer 0x55c12cf9bf60 (17 bytes)
1743793164.436001 sending message 105 to peer 0x55c12cf9bf60 (1764 bytes)
1743793164.436025 sending message 105 to peer 0x55c12cf9bf60 (26 bytes)
1743793164.436029 sending message 105 to peer 0x55c12cf9bf60 (17 bytes)
1743793164.436033 sending message 105 to peer 0x55c12cf9bf60 (26 bytes)
1743793164.436037 sending message 105 to peer 0x55c12cf9bf60 (86 bytes)
1743793164.436041 sending message 105 to peer 0x55c12cf9bf60 (56 bytes)
1743793164.436044 sending message 105 to peer 0x55c12cf9bf60 (23 bytes)
1743793164.436048 sending message 105 to peer 0x55c12cf9bf60 (23 bytes)
1743793164.436051 sending message 105 to peer 0x55c12cf9bf60 (20 bytes)
1743793164.436055 sending message 105 to peer 0x55c12cf9bf60 (11 bytes)
1743793164.436058 sending message 105 to peer 0x55c12cf9bf60 (30 bytes)
1743793164.436062 sending message 105 to peer 0x55c12cf9bf60 (11 bytes)
1743793164.436066 sending message 105 to peer 0x55c12cf9bf60 (8 bytes)
1743793164.436069 sending message 105 to peer 0x55c12cf9bf60 (18 bytes)
1743793164.436073 sending message 105 to peer 0x55c12cf9bf60 (31 bytes)
1743793164.436077 sending message 105 to peer 0x55c12cf9bf60 (61 bytes)
1743793164.436082 sending message 105 to peer 0x55c12cf9bf60 (78 bytes)
1743793164.436086 sending message 105 to peer 0x55c12cf9bf60 (17 bytes)
1743793164.436089 sending message 105 to peer 0x55c12cf9bf60 (54 bytes)
1743793164.436093 sending message 105 to peer 0x55c12cf9bf60 (16 bytes)
1743793164.436097 sending message 105 to peer 0x55c12cf9bf60 (19 bytes)
1743793164.436100 sending message 106 to peer 0x55c12cf9bf60 (0 bytes)
1743793164.436158 sending message 200 to peer 0x55c12cf9bf60 (4 bytes)
1743793164.436162 client loop enter
1743793164.436181 client_signal: Child exited
1743793164.467532 peer 0x55c12cf9bf60 message 207
1743793164.467541 sending message 208 to peer 0x55c12cf9bf60 (0 bytes)
1743793183.987832 peer 0x55c12cf9bf60 message 201
1743793183.987846 sending message 205 to peer 0x55c12cf9bf60 (0 bytes)
1743793183.988336 peer 0x55c12cf9bf60 message 204
1743793183.988346 client loop exit
